<?xml version="1.0" encoding="UTF-8"?>
<!-- Generated by org.testng.reporters.JUnitReportReporter -->
<testsuite skipped="4" hostname="DESKTOP-QM6OV0O" name="com.test.Testwebelem" tests="5" failures="0" timestamp="2020-03-25T20:58:41 IST" time="0.608" errors="0">
  <testcase name="Takescreenshots" time="0.608" classname="com.test.Testwebelem"/>
  <system-out/>
  <testcase name="Fillregistration_form" classname="com.test.Testwebelem">
    <skipped/>
  </testcase> <!-- Fillregistration_form -->
  <system-out/>
  <testcase name="mousehover" classname="com.test.Testwebelem">
    <skipped/>
  </testcase> <!-- mousehover -->
  <system-out/>
  <testcase name="uploadfile" classname="com.test.Testwebelem">
    <skipped/>
  </testcase> <!-- uploadfile -->
  <system-out/>
  <testcase name="working_withframe" classname="com.test.Testwebelem">
    <skipped/>
  </testcase> <!-- working_withframe -->
  <system-out/>
</testsuite> <!-- com.test.Testwebelem -->
