<?xml version="1.0" encoding="UTF-8"?>
<!-- Generated by org.testng.reporters.JUnitReportReporter -->
<testsuite skipped="0" hostname="DESKTOP-QM6OV0O" name="com.test.Testm" tests="2" failures="0" timestamp="2020-03-25T16:32:11 IST" time="4.551" errors="0">
  <testcase name="testshopping" time="2.712" classname="com.test.Testm"/>
  <system-out/>
  <testcase name="test" time="1.839" classname="com.test.Testm"/>
  <system-out/>
</testsuite> <!-- com.test.Testm -->
